Gurobi 8.1.1 (mac64, Python) logging started Thu Apr 30 19:10:11 2020

Academic license - for non-commercial use only
Optimize a model with 502 rows, 488 columns and 2440 nonzeros
Model has 1 quadratic constraint
Variable types: 0 continuous, 488 integer (488 binary)
Coefficient statistics:
  Matrix range     [7e-06, 1e+00]
  QMatrix range    [2e-05, 2e+00]
  QLMatrix range   [5e-01, 5e-01]
  Objective range  [2e-01, 2e+03]
  Bounds range     [1e+00, 1e+00]
  RHS range        [5e-02, 3e+01]
Presolve removed 488 rows and 9 columns
Presolve time: 0.05s
Presolved: 14 rows, 479 columns, 1916 nonzeros
Variable types: 0 continuous, 479 integer (479 binary)

Root relaxation: objective 1.110584e+04, 4 iterations, 0.00 seconds

    Nodes    |    Current Node    |     Objective Bounds      |     Work
 Expl Unexpl |  Obj  Depth IntInf | Incumbent    BestBd   Gap | It/Node Time

     0     0 11104.8364    0    2          - 11104.8364      -     -    0s
     0     0 11099.0337    0    3          - 11099.0337      -     -    0s
     0     0 11098.0509    0    6          - 11098.0509      -     -    0s
     0     0 11097.9874    0    6          - 11097.9874      -     -    0s
     0     0 11097.1164    0    6          - 11097.1164      -     -    0s
     0     0 11096.6022    0    7          - 11096.6022      -     -    0s
     0     0 11096.0955    0    8          - 11096.0955      -     -    0s
     0     0 11096.0699    0    8          - 11096.0699      -     -    0s
     0     0 11095.7463    0    8          - 11095.7463      -     -    0s
     0     0 11095.7463    0    8          - 11095.7463      -     -    0s
     0     2 11095.7463    0    8          - 11095.7463      -     -    0s
   306   240 10253.5819   25 18577          - 10253.5819      -   1.5  294s
   308   243 7991.91000   50    8          - 10253.5819      -   217  303s
   310   244 9909.90263   38 18577          - 10253.5819      -   215  740s
   311   245 10252.9381   36 18575          - 10252.9381      -   215 1278s
   312   246 10252.9381   10 18575          - 10252.9381      -   214 1507s
H  312   233                     532.0400000 10252.9381  1827%   214 1731s
H  312   221                    4981.2800000 10252.9381   106%   214 2771s
   314   225 9878.18593   22 17658 4981.28000 10252.9373   106%   431 2976s
   316   226 9871.06187   23 17515 4981.28000 10251.3483   106%   438 3095s
   318   228 9850.77804   23 17957 4981.28000 10251.3384   106%   447 3121s
   320   229 9844.22002   24 18048 4981.28000 10251.0814   106%   449 3143s
   322   230 9705.58807   24 17581 4981.28000 10250.2648   106%   455 3280s
   324   232 9836.52537   25 17956 4981.28000 10247.0654   106%   471 3424s
   326   233 9714.84752   25 17583 4981.28000 10246.7806   106%   483 3563s
   328   230 9831.68126   26 18314 4981.28000 10243.1988   106%   494 3588s
   330   236 9810.80884   26 18300 4981.28000 10243.1916   106%   503 3620s
   332   233 9819.80177   27 18740 4981.28000 10233.9221   105%   510 3781s
   334   237 9814.26369   27 18683 4981.28000 10233.2761   105%   531 3827s
   337   238 9796.84021   28 18591 4981.28000 10227.3603   105%   541 3860s
   339   240 9811.49980   28 18519 4981.28000 10227.3603   105%   548 3895s
   341   241 9803.67382   29 19198 4981.28000 10227.3603   105%   557 4208s
H  342   232                    5088.3400000 10227.3603   101%   556 4208s
   343   231 9783.97708   29 18526 5088.34000 10227.3603   101%   563 4252s
   347   235 9788.32836   30 19262 5088.34000 10227.3603   101%   573 4302s
   350   235 9780.15345   31 19246 5088.34000 10227.3603   101%   589 4466s
   353   239 9785.28280   31 18811 5088.34000 10227.3603   101%   598 4516s
   356   239 9768.67466   32 19324 5088.34000 10227.3603   101%   608 4588s
   359   243 9745.29490   32 17216 5088.34000 10227.3603   101%   634 4741s
   362   244 9761.01888   33 19228 5088.34000 10227.3603   101%   643 4821s
   366   247 9753.63266   34 19827 5088.34000 10227.3603   101%   664 4883s
   370   247 9747.81406   35 20003 5088.34000 10227.3603   101%   675 5123s
   372   252 9738.72924   35 20019 5088.34000 10227.3603   101%   693 5178s
   375   254 9721.98262   36 19353 5088.34000 10227.3603   101%   727 5295s
   378   255 9720.87184   37 19062 5088.34000 10227.3603   101%   736 5407s
   382   256 9711.42047   38 19698 5088.34000 10227.3603   101%   769 5473s
   385   260 9695.93526   38 20530 5088.34000 10227.3603   101%   780 5543s
   388   261 9707.21488   39 19416 5088.34000 10227.3603   101%   787 5670s
   392   264 9700.01834   40 20035 5088.34000 10227.3603   101%   819 5868s
   396   267 9695.91136   41 19911 5088.34000 10227.3603   101%   868 6629s
   400   267 9690.53673   42 19820 5088.34000 10227.3603   101%   932 7012s
H  401   259                    5184.7000000 10227.3603  97.3%   929 7012s
   402   263 9683.33776   42 20093 5184.70000 10227.3603  97.3%   935 7148s
   406   262 9680.04896   44 20663 5184.70000 10227.3603  97.3%   965 7257s
   409   266 9668.51434   45 19784 5184.70000 10227.3603  97.3%   981 7435s
   414   269 9667.67016   46 19872 5184.70000 10227.3603  97.3%  1018 7626s
   420   272 9645.14407   47 20070 5184.70000 10227.3603  97.3%  1081 7798s
   423   275 9657.46878   47 19988 5184.70000 10227.3603  97.3%  1113 7968s
   429   279 9638.38243   50 17799 5184.70000 10227.3603  97.3%  1137 8331s
H  430   269                    5553.6600000 10227.3603  84.2%  1134 8331s
   431   269 9499.82985   50 18754 5553.66000 10227.3603  84.2%  1154 8506s
   437   274 9626.93570   51 19822 5553.66000 10227.3603  84.2%  1175 8688s
   444   278 9624.77545   53 18165 5553.66000 10227.3603  84.2%  1205 8876s
   450   282 9617.47573   55 18089 5553.66000 10227.3603  84.2%  1233 9081s
   454   284 9613.58658   56 18085 5553.66000 10227.3603  84.2%  1298 9510s
   462   290 9609.55332   58 18150 5553.66000 10227.3603  84.2%  1318 9711s
   468   293 9605.95450   59 18057 5553.66000 10227.3603  84.2%  1372 9972s
   477   300 9598.68571   62 17459 5553.66000 10227.3603  84.2%  1415 10184s
   485   306 9451.10297   63 17288 5553.66000 10227.3603  84.2%  1450 10556s
H  491   297                    5596.5900000 10227.3603  82.7%  1488 10556s
   492   300 9586.41031   65 18610 5596.59000 10227.3603  82.7%  1521 10812s
   505   309 9576.24994   68 18255 5596.59000 10227.3603  82.7%  1549 11075s
   507   311 9413.37800   68 20844 5596.59000 10227.3603  82.7%  1571 11379s
   519   320 9566.22224   71 19138 5596.59000 10227.3603  82.7%  1594 11675s
H  521   312                    5596.5905306 10227.3603  82.7%  1620 11675s
   524   312 9556.36450   72 20277 5596.59053 10227.3603  82.7%  1641 11968s
   531   319 9554.41716   74 20479 5596.59053 10227.3603  82.7%  1689 12273s
   542   325 9550.56898   77 20943 5596.59053 10227.3603  82.7%  1756 12658s
   556   334 9549.92553   80 18443 5596.59053 10227.3603  82.7%  1795 12972s
   578   348 9536.86925   87 17360 5596.59053 10227.3603  82.7%  1823 13318s
H  581   338                    5609.8700000 10227.3603  82.3%  1823 13318s
H  590   337                    5929.8600000 10227.3603  72.5%  1828 13318s
   593   342 9505.50591   91 17413 5929.86000 10227.3603  72.5%  1844 13728s
   607   356 9428.25315   95 18151 5929.86000 10227.3603  72.5%  1884 14047s
   622   359 9391.19144   99 16000 5929.86000 10227.3603  72.5%  1921 14372s
   632   370 9299.54055  102 16249 5929.86000 10227.3603  72.5%  1963 14763s
   652   380 9350.01789  110 16624 5929.86000 10227.3603  72.5%  1977 15226s
   665   391 9209.52977  112 20592 5929.86000 10227.3603  72.5%  2016 15671s
   694   409 9305.25478  125 16120 5929.86000 10227.3603  72.5%  2028 16150s
   722   428 9282.81469  136 16311 5929.86000 10227.3603  72.5%  2033 16836s
   752   448 9266.31142  148 17701 5929.86000 10227.3603  72.5%  2060 17341s
   784   474 9240.76135  162 15537 5929.86000 10227.3603  72.5%  2047 17872s
   826   514 9212.30262  180 15103 5929.86000 10227.3603  72.5%  2035 18423s
H  882   568                    5965.1300000 10227.3603  71.5%  1987 20951s
   884   574 9019.20509  206 14326 5965.13000 10227.3603  71.5%  1984 23129s
   888   575 9138.29736  208 14187 5965.13000 10227.3603  71.5%  2008 24800s
   895   584 8944.79144  210 13722 5965.13000 10227.3603  71.5%  2012 26442s
   902   590 9128.30813  213 13784 5965.13000 10227.3603  71.5%  2015 27155s
H  939   620                    5970.3000000 10227.3603  71.3%  1994 27155s
   942   623 9081.83510  230 13700 5970.30000 10227.3603  71.3%  2022 27793s
   973   645 8868.39914  242 13016 5970.30000 10227.3603  71.3%  2042 28800s
  1003   670 8825.77833  253 11500 5970.30000 10227.3603  71.3%  2064 29463s
  1040   679 8963.69814  267 11708 5970.30000 10227.3603  71.3%  2078 30943s
  1079   684 8896.87796  284 10805 5970.30000 10227.3603  71.3%  2065 31646s
  1156   689 8817.82883  315 8743 5970.30000 10227.3603  71.3%  2042 32315s
  1257   695 infeasible  357      5970.30000 10227.3067  71.3%  1978 33413s
  1317   716 10177.7142   40 17946 5970.30000 10227.3067  71.3%  1964 34053s
  1372   755 10147.4274   55 16262 5970.30000 10227.3067  71.3%  1956 34762s
  1468   851 10076.3466   73 14663 5970.30000 10227.3067  71.3%  1893 35457s
  1620  1001 10021.7530   91 12203 5970.30000 10227.3067  71.3%  1778 36486s
  1746  1129 9866.11631  108 8450 5970.30000 10227.3067  71.3%  1700 37184s
  1881  1262 9837.32029  133 8989 5970.30000 10227.3067  71.3%  1636 37937s
  2042  1391 9768.25761  159 16298 5970.30000 10227.3067  71.3%  1562 38641s
  2233  1530 9657.22970  195 11271 5970.30000 10227.3067  71.3%  1479 39349s
  2357  1655 9509.44045  227 9912 5970.30000 10227.3067  71.3%  1445 40668s
  2442  1740 9409.36373  245 9734 5970.30000 10227.3067  71.3%  1422 41424s
  2596  1876 9364.28441  263 8895 5970.30000 10227.3067  71.3%  1381 42207s
  2693  1942 9239.40931  294 5739 5970.30000 10219.4005  71.2%  1380 42983s
  2910  2078 9998.80644   67 15625 5970.30000 10218.7775  71.2%  1318 43740s
  3040  2198 9701.94409  117 12176 5970.30000 10218.7775  71.2%  1297 44488s
  3243  2409 9377.76281  221 10157 5970.30000 10218.7775  71.2%  1244 45693s
  3416  2571 8973.93095  312 2776 5970.30000 10216.5413  71.1%  1202 46349s
H 3617  2741                    6157.1100000 10216.5413  65.9%  1175 46987s
H 3802  2876                    6166.3400000 10216.5413  65.7%  1147 47653s
H 3924  2994                    6866.3500000 10216.5413  48.8%  1121 47653s
  3998  3024 8192.09891  251 6595 6866.35000 10216.5413  48.8%  1116 48339s
H 4117  3142                    6964.1200000 10216.5413  46.7%  1093 48339s
  4210  3178 7515.86031  369 4023 6964.12000 10213.1517  46.7%  1085 48894s
  4446  3394 9877.83345   50 13513 6964.12000 10213.1517  46.7%  1049 49559s
  4646  3584 9175.93274  132 13472 6964.12000 10212.5341  46.6%  1030 50386s
H 4850  3775                    6982.8000000 10212.5341  46.3%  1013 53493s
H 4924  3576                    8063.5900000 10211.5991  26.6%  1010 53493s
  5004  3714 9703.57663   38 17118 8063.59000 10211.5991  26.6%   997 54326s
  5152  3853 8411.44391   59 16265 8063.59000 10209.2918  26.6%   999 55489s
  5339  3995 10146.1569   38 16126 8063.59000 10209.1962  26.6%   992 56639s
H 5422  4046                    8232.9800000 10209.1962  24.0%   990 56639s
  5486  4109 9468.62028  117 13034 8232.98000 10209.1962  24.0%   990 57238s
  5722  4338 8907.71378  235 6841 8232.98000 10209.1962  24.0%   967 58585s
  5946  4546     cutoff  347      8232.98000 10204.1230  23.9%   943 59772s
  6182  4735 9539.72085  106 15877 8232.98000 10202.9163  23.9%   931 60658s
  6367  4919 8955.70592  224 7811 8232.98000 10202.9163  23.9%   924 61514s
H 6485  5029                    8242.2800000 10202.9163  23.8%   910 61514s
  6535  5078 8545.13427  342 2148 8242.28000 10202.6069  23.8%   915 62530s
H 6650  5171                    8255.3000000 10202.6069  23.6%   911 62530s
  6736  5254 9450.15526  110 9460 8255.30000 10202.6069  23.6%   913 63413s
  6920  5430 8923.10737  228 7985 8255.30000 10201.5026  23.6%   908 64164s
H 7090  5589                    8297.8300000 10201.5026  22.9%   904 65154s
  7244  5718 8572.32313  151 10943 8297.83000 10201.5026  22.9%   907 65972s
  7431  5847 8403.18885  269 7685 8297.83000 10201.5026  22.9%   902 66621s
H 7550  5962                    8297.8300087 10201.5026  22.9%   889 66621s
  7667  5976 8333.93962  386 2115 8297.83001 10201.4455  22.9%   888 67617s
H 7873  6114                    8297.8300247 10200.6687  22.9%   882 72069s
  7875  6121 9695.83111   89 11263 8297.83002 10200.6687  22.9%   883 73055s
  8057  6300 9353.90141  137 11513 8297.83002 10200.6687  22.9%   876 73776s
  8293  6532 8979.22827  243 7906 8297.83002 10200.6687  22.9%   858 74527s
  8527  6728 8563.30790  326 2063 8297.83002 10199.9329  22.9%   848 75375s
  8762  6913 9639.67037   91 10833 8297.83002 10199.9329  22.9%   838 76009s
  8998  7131 8956.18165  209 8222 8297.83002 10198.3552  22.9%   826 76904s
  9160  7286 9936.22374   53 12232 8297.83002 10198.3552  22.9%   820 77810s
  9331  7452 9422.80383  106 12928 8297.83002 10198.3552  22.9%   816 78395s
  9567  7675 8828.27083  224 6881 8297.83002 10197.4869  22.9%   803 79682s
  9721  7821 9600.21234   86 12441 8297.83002 10197.4869  22.9%   801 80996s
  9829  7929 9069.45904  139 10651 8297.83002 10196.3817  22.9%   803 81919s
 10058  8142 9647.64435   80 12736 8297.83002 10196.3817  22.9%   794 83166s
 10185  8261 9335.71925  114 13596 8297.83002 10196.3817  22.9%   794 84286s
H10303  8264                    8362.9800000 10196.3817  21.9%   790 84286s
 10390  8343 8434.27901  232 3601 8362.98000 10196.3817  21.9%   789 85158s
 10588  8525 9662.63646   88 14325 8362.98000 10196.2964  21.9%   783 86126s
 10743  8677 8610.30445  206 4510 8362.98000 10194.9635  21.9%   781 87591s
 10886  8815 9779.38876   73 12211 8362.98000 10194.9635  21.9%   780 88646s
 11058  8984 9131.74033  148 11344 8362.98000 10194.9305  21.9%   779 91555s
 11168  9067 9840.56548   40 17644 8362.98000 10194.9305  21.9%   777 94374s
 11196  9100 9257.12302   53 14909 8362.98000 10194.9305  21.9%   779 95276s
 11390  9285 8446.50569  126 17703 8362.98000 10194.8235  21.9%   775 96323s
 11595  9464 9955.65835   60 13792 8362.98000 10194.7565  21.9%   773 97283s
 11759  9626 9451.31878  106 12060 8362.98000 10194.7565  21.9%   769 103941s
 11853  9721 9160.12238  153 10203 8362.98000 10194.7565  21.9%   766 104857s
 12068  9913 8550.48032  271 4473 8362.98000 10192.8141  21.9%   762 105955s
 12247 10052 8754.21613   49 16274 8362.98000 10192.5421  21.9%   763 107076s
 12363 10145 10091.6237   31 18173 8362.98000 10192.0102  21.9%   766 108112s
 12552 10323 8888.97872  102 17140 8362.98000 10192.0102  21.9%   762 109110s
 12761 10512 8617.63509  183 12699 8362.98000 10191.6204  21.9%   760 110115s
 12877 10615 9879.60933   62 14075 8362.98000 10191.6204  21.9%   762 111130s
 13061 10793 9254.94593  128 10162 8362.98000 10191.3401  21.9%   758 111992s
 13297 11016 10130.1365   39 17102 8362.98000 10191.0054  21.9%   754 113107s
 13463 11177 9755.78704   78 12871 8362.98000 10191.0054  21.9%   752 114115s
 13635 11339 9245.21943  122 12312 8362.98000 10191.0054  21.9%   753 115272s
 13812 11516 9035.08624  163 8711 8362.98000 10191.0054  21.9%   750 115983s
 14048 11745 8585.91911  260 5706 8362.98000 10189.5578  21.8%   743 116768s
 14250 11918 9912.17286   57 14164 8362.98000 10189.3494  21.8%   740 118261s
 14375 12040 9490.18299   93 12535 8362.98000 10189.3494  21.8%   740 119521s
 14582 12237 9503.40619   42    8 8362.98000 10189.3494  21.8%   736 137947s
 14584 12238 8968.83737  208 18577 8362.98000 10189.3494  21.8%   736 138968s
 14585 12239 9200.45965  133 18599 8362.98000 10189.3494  21.8%   736 139766s
 14586 12240 9888.54399   94 18600 8362.98000 10189.3494  21.8%   736 140193s
 14587 12240 9962.29489   63 18601 8362.98000 10189.3494  21.8%   736 141977s
 14588 12241 9729.83940  143 18601 8362.98000 10189.3494  21.8%   736 144089s
 14589 12242 9163.96450  160 17995 8362.98000 10189.3494  21.8%   736 146390s
 14590 12242 9941.07303   29 17676 8362.98000 10189.3494  21.8%   736 146395s
 14592 12244 9998.92591   37 17675 8362.98000 10189.3494  21.8%   736 148455s
 14593 12244 8915.23452  209 18347 8362.98000 10189.3494  21.8%   736 150467s
 14594 12245 9092.33437  119 18503 8362.98000 10189.3494  21.8%   736 150474s
 14595 12246 9127.43593  235 18428 8362.98000 10189.3494  21.8%   735 150476s
 14598 12248 8683.15117  111 18516 8362.98000 10189.3494  21.8%   735 152775s
 14599 12248 9995.01217   60 18339 8362.98000 10189.3494  21.8%   735 157161s
 14600 12249 8546.84930  201 18484 8362.98000 10189.3494  21.8%   735 157169s
 14601 12250 9672.72469   89 18495 8362.98000 10189.3494  21.8%   735 157174s
 14602 12250 8984.67184  121 18503 8362.98000 10189.3494  21.8%   735 157177s
 14603 12251 9295.00521   90 18505 8362.98000 10189.3494  21.8%   735 159010s
 14604 12252 9770.16524   73 18519 8362.98000 10189.3494  21.8%   735 161176s
 14605 12252 9466.19988  103 18550 8362.98000 10189.3494  21.8%   735 161193s
 14606 12253 8530.71076   54 18539 8362.98000 10189.3494  21.8%   735 161197s
 14607 12254 9906.67352   65 18540 8362.98000 10189.3494  21.8%   735 161200s
 14608 12254 9264.04947  140 18542 8362.98000 10189.3494  21.8%   735 163317s
 14609 12255 10179.1053   35 18543 8362.98000 10189.3494  21.8%   735 164581s
 14610 12256 8647.77419  243 18535 8362.98000 10189.3494  21.8%   735 164585s
 14612 12257 9998.71323   62 18625 8362.98000 10189.3494  21.8%   735 166275s
 14613 12258 9911.51147   52 18623 8362.98000 10189.3494  21.8%   735 167901s
 14615 12259 9102.30453   62 18631 8362.98000 10189.3494  21.8%   734 169571s
 14616 12260 8701.88748  178 18681 8362.98000 10189.3494  21.8%   734 171335s
 14617 12260 8514.22203  255 18767 8362.98000 10189.3494  21.8%   734 172878s
 14618 12261 9012.29859  324 18750 8362.98000 10189.3494  21.8%   734 174598s
 14619 12262 9979.19879   63 18781 8362.98000 10189.3494  21.8%   734 174602s
 14620 12262 8668.40878  132 18783 8362.98000 10189.3494  21.8%   734 176091s
 14621 12263 9106.48819  175 18782 8362.98000 10189.3494  21.8%   734 178094s
 14622 12264 8447.06639  287 18782 8362.98000 10189.3494  21.8%   734 178097s
 14623 12264 9740.26475   84 18781 8362.98000 10189.3494  21.8%   734 178100s
 14624 12265 9609.74367  130 18785 8362.98000 10189.3494  21.8%   734 179844s
 14625 12266 9078.67758  181 18710 8362.98000 10189.3494  21.8%   734 181246s
 14626 12266 9652.71348   65 18700 8362.98000 10189.3494  21.8%   734 181252s
 14628 12268 9144.54392  143 18705 8362.98000 10189.3494  21.8%   734 183363s
 14629 12268 9957.00654   76 18783 8362.98000 10189.3494  21.8%   734 185090s
 14631 12270 8428.94129  236 18788 8362.98000 10189.3494  21.8%   734 185096s
 14632 12270 8765.28999  107 18790 8362.98000 10189.3494  21.8%   734 186334s
 14633 12271 8796.94115  281 18466 8362.98000 10189.3494  21.8%   734 187957s
 14634 12272 9842.10127   64 18480 8362.98000 10189.3494  21.8%   733 187964s
 14635 12272 9105.82916   86 18527 8362.98000 10189.3494  21.8%   733 187969s
 14636 12273 9339.00485  147 18498 8362.98000 10189.3494  21.8%   733 189467s
 14637 12274 8929.72473  239 18745 8362.98000 10189.3494  21.8%   733 191053s
 14638 12274 9445.55154   68 18535 8362.98000 10189.3494  21.8%   733 191055s
 14639 12275 9740.38706   70 18587 8362.98000 10189.3494  21.8%   733 192643s
 14640 12276 9744.88129   81 18589 8362.98000 10189.3494  21.8%   733 194247s
 14641 12276 9070.24854  288 18592 8362.98000 10189.3494  21.8%   733 195299s
 14642 12277 8643.26173  324 18598 8362.98000 10189.3494  21.8%   733 196972s
 14643 12278 9254.85692   55 18596 8362.98000 10189.3494  21.8%   733 196975s
 14644 12278 9639.66299   92 18608 8362.98000 10189.3494  21.8%   733 198593s
 14645 12279 9741.63718  128 19694 8362.98000 10189.3494  21.8%   733 200185s
 14647 12280 9035.47018  158 19686 8362.98000 10189.3494  21.8%   733 201751s
 14648 12281 8629.95159  167 19516 8362.98000 10189.3494  21.8%   733 202894s
 14649 12282 9388.58359  119 19676 8362.98000 10189.3494  21.8%   733 202897s
 14650 12282 8745.36334   94 19686 8362.98000 10189.3494  21.8%   733 204455s
 14651 12283 10037.0410   70 19716 8362.98000 10189.3494  21.8%   733 206000s
 14652 12284 8458.46433  249 19888 8362.98000 10189.3494  21.8%   733 207540s
 14653 12284 9505.00451  101 19624 8362.98000 10189.3494  21.8%   733 209093s
 14654 12285 8840.91755  184 19623 8362.98000 10189.3494  21.8%   732 210626s
 14655 12286 8714.61442  260 19599 8362.98000 10189.3494  21.8%   732 212294s
 14656 12286 9133.07844  167 19521 8362.98000 10189.3494  21.8%   732 212299s
 14657 12287 8603.87428  256 19526 8362.98000 10189.3494  21.8%   732 212302s
 14658 12288 8777.84526  302 19536 8362.98000 10189.3494  21.8%   732 213415s
 14659 12288 9147.73108  234 19741 8362.98000 10189.3494  21.8%   732 214529s
 14660 12289 9972.64361   41 19586 8362.98000 10189.3494  21.8%   732 215614s
 14661 12290 8677.08517  203 19764 8362.98000 10189.3494  21.8%   732 216775s
 14662 12290 9310.66501  121 19585 8362.98000 10189.3494  21.8%   732 218422s
 14663 12291 9404.12630  202 19761 8362.98000 10189.3494  21.8%   732 220011s
 14664 12292 9845.32962   54 19582 8362.98000 10189.3494  21.8%   732 221104s
 14665 12292 8973.66821  223 19552 8362.98000 10189.3494  21.8%   732 222724s
 14666 12293 9314.88797  138 19736 8362.98000 10189.3494  21.8%   732 224257s
 14667 12294 9103.94282  155 19637 8362.98000 10189.3494  21.8%   732 226280s
 14669 12295 9644.88899   75 19578 8362.98000 10189.3494  21.8%   732 227892s
 14670 12296 9233.95656  250 18617 8362.98000 10189.3494  21.8%   732 229690s
 14672 12297 9503.50959  102 18754 8362.98000 10189.3494  21.8%   732 231411s
 14673 12298 9263.95741  131 18755 8362.98000 10189.3494  21.8%   732 233020s
 14674 12298 9384.63170   99 18549 8362.98000 10189.3494  21.8%   731 234510s
 14675 12299 9334.84509  180 18810 8362.98000 10189.3494  21.8%   731 236339s
 14676 12300 9702.15349   86 18716 8362.98000 10189.3494  21.8%   731 238004s
 14677 12300 9753.02668   68 18811 8362.98000 10189.3494  21.8%   731 239253s
 14678 12301 9067.13157  107 18851 8362.98000 10189.3494  21.8%   731 239256s
 14679 12302 8987.79405  162 18848 8362.98000 10189.3494  21.8%   731 241235s
 14680 12302 9543.32146   82 18850 8362.98000 10189.3494  21.8%   731 243174s
 14681 12303 8696.63391  179 18838 8362.98000 10189.3494  21.8%   731 245253s
 14682 12304 9503.40619   42 19052 8362.98000 10189.3494  21.8%   731 246521s
 14683 12304 8462.66489  246 19130 8362.98000 10189.3494  21.8%   731 247764s
 14684 12305 8968.83737  208 19055 8362.98000 10189.3494  21.8%   731 248916s
 14685 12306 9200.45965  133 19152 8362.98000 10189.3494  21.8%   731 250811s
 14686 12306 9888.54399   94 19058 8362.98000 10189.3494  21.8%   731 252180s
 14688 12308 9729.83940  143 19121 8362.98000 10189.3494  21.8%   731 253455s
 14689 12308 9163.96450  160 19124 8362.98000 10189.3494  21.8%   731 257041s
 14690 12309 9941.07303   29 19124 8362.98000 10189.3494  21.8%   731 258644s
 14691 12310 9899.24115   65 19124 8362.98000 10189.3494  21.8%   731 260368s
 14692 12313 10189.3494   35 19190 8362.98000 10189.3494  21.8%   738 260628s
 14694 12315 10189.3494   36 18029 8362.98000 10189.3494  21.8%   738 260722s
 14696 12316 9947.57861   36 17804 8362.98000 10189.3494  21.8%   738 260932s
 14698 12317 10189.3494   37 18291 8362.98000 10189.3494  21.8%   739 261179s
 14700 12319 10110.8790   37 17906 8362.98000 10189.3494  21.8%   739 261402s
 14702 12321 10189.3494   38 18290 8362.98000 10189.3494  21.8%   739 261758s
 14705 12320 10189.3494   39 18872 8362.98000 10189.3494  21.8%   741 261926s
 14707 12322 10189.3494   39 19022 8362.98000 10189.3494  21.8%   742 262032s
 14710 12321 10189.3494   40 18849 8362.98000 10189.3494  21.8%   742 262163s
 14712 12327 10180.2104   40 18922 8362.98000 10189.3494  21.8%   743 262273s
 14714 12325 10189.3494   41 18655 8362.98000 10189.3494  21.8%   743 262467s
 14717 12327 10187.1114   42 18664 8362.98000 10189.3494  21.8%   744 262580s
 14720 12332 10179.7269   42 18911 8362.98000 10189.3494  21.8%   746 262857s
 14722 12329 10182.9602   43 18876 8362.98000 10189.3494  21.8%   748 262927s
 14726 12336 10165.3044   43 19011 8362.98000 10189.3494  21.8%   749 263040s
 14728 12335 10182.7150   44 18606 8362.98000 10189.3494  21.8%   750 263169s
 14732 12338 10176.2546   45 18838 8362.98000 10189.3494  21.8%   751 263296s
 14736 12341 10170.4997   46 19517 8362.98000 10189.3494  21.8%   751 263437s
 14740 12341 10159.0981   47 20368 8362.98000 10189.3494  21.8%   752 263545s
 14744 12348 10133.6776   47 17656 8362.98000 10189.3494  21.8%   753 263713s
 14748 12349 10146.8583   48 18809 8362.98000 10189.3494  21.8%   754 263893s
 14752 12350 10133.1992   49 18974 8362.98000 10189.3494  21.8%   756 264021s
 14755 12352 10134.6311   49 19589 8362.98000 10189.3494  21.8%   756 264180s
 14760 12359 10121.6061   50 19124 8362.98000 10189.3494  21.8%   758 264339s
 14764 12358 10117.4002   51 19184 8362.98000 10189.3494  21.8%   758 264506s
 14771 12365 10107.8099   53 19703 8362.98000 10189.3494  21.8%   760 264694s
 14776 12367 10105.5482   54 19775 8362.98000 10189.3494  21.8%   761 264866s
 14782 12370 10099.5546   55 19362 8362.98000 10189.3494  21.8%   763 265078s
 14789 12376 10083.4603   56 19307 8362.98000 10189.3494  21.8%   764 265312s
 14797 12381 10076.3704   58 18654 8362.98000 10189.3494  21.8%   765 265503s
 14803 12386 10048.7315   59 20511 8362.98000 10189.3494  21.8%   767 265817s
 14810 12389 10066.5464   61 19759 8362.98000 10189.3494  21.8%   769 266049s
 14815 12394 10061.8622   62 20095 8362.98000 10189.3494  21.8%   771 266298s
 14824 12399 10052.2634   64 19250 8362.98000 10189.3494  21.8%   773 266507s
 14834 12405 10042.1710   66 20749 8362.98000 10189.3494  21.8%   774 266770s
 14841 12412 9994.62443   68 23137 8362.98000 10189.3494  21.8%   777 267082s
 14848 12415 10024.4117   70 20018 8362.98000 10189.3494  21.8%   779 267619s
 14856 12420 10020.8863   72 20496 8362.98000 10189.3494  21.8%   781 267874s
 14865 12427 10016.9937   74 20285 8362.98000 10189.3494  21.8%   783 268158s
 14873 12433 9951.50046   76 23046 8362.98000 10189.3494  21.8%   786 268495s
 14878 12435 10003.1806   77 20693 8362.98000 10189.3494  21.8%   788 268831s
 14888 12441 9992.66737   79 22607 8362.98000 10189.3494  21.8%   790 269141s
 14901 12451 9992.32057   82 22423 8362.98000 10189.3494  21.8%   792 269429s
 14911 12457 9992.02444   85 22320 8362.98000 10189.3494  21.8%   795 269721s
 14927 12469 9987.01902   89 22216 8362.98000 10189.3494  21.8%   797 270123s
 14942 12478 9983.23888   94 21727 8362.98000 10189.3494  21.8%   801 270445s
 14952 12486 9981.19148   96 21628 8362.98000 10189.3494  21.8%   804 270769s
 14965 12494 9976.50613   98 21360 8362.98000 10189.3494  21.8%   805 271220s
 14986 12505 9962.46526  101 21327 8362.98000 10189.3494  21.8%   809 271812s
 15000 12518 9928.05554  103 24440 8362.98000 10189.3494  21.8%   813 272261s
 15011 12525 9911.05315  104 24486 8362.98000 10189.3494  21.8%   816 272760s
 15022 12529 9877.11212  106 26768 8362.98000 10189.3494  21.8%   821 273289s
