Presolve time: 3.98s
Root relaxation: 3.04 seconds
Explored 1 nodes (2579 simplex iterations) in 9.62 seconds

Optimal solution found (tolerance 1.00e-04)
Best objective 3.336372220672e+02, best bound 3.336417690350e+02, gap 0.0014%

used time: 18.293503046035767

AET: 0.021498488823446415
AMD: 0.00026478741156514183
AVB: 0.01880648347253414
AVGO: 0.02758138552983473
BWA: 0.005289170979893767
CAH: 0.012526481393274017
CCI: 0.004987678262078008
CCL: 0.008020852008660755
CELG: 0.04213811591450846
CF: 0.001077608384086022
CMCSA: 0.01022698943290302
CME: 0.007511857617358852
CMG: 0.00882836874617432
COST: 0.005493702281775816
COTY: 0.0003980297949488831
DAL: 0.0070272627070905955
DGX: 0.008413153229801738
DISCK: 0.006015851175895858
DLTR: 0.0030130176535549513
DVN: 0.008230475376149824
EOG: 0.021625366124821382
ETN: 0.035607541773502796
FISV: 0.07481284006776691
FOX: 0.0019048568758267975
FRT: 0.02943213920858692
GIS: 0.014649872751402174
GOOGL: 0.06274676627312778
HAS: 0.002822701701492506
HCA: 0.005769946840956756
HD: 0.014131330737087104
HLT: 0.0013122677408096172
IP: 0.004766597746973138
ITW: 0.06322075271338141
IVZ: 0.06433358121791599
JEC: 0.0011539893681913513
KSS: 0.0039382884082308995
LEN: 0.004580100844115959
MAR: 0.004646297697007244
MDT: 0.014712250555088192
MMC: 0.0572010824882803
NEM: 0.0006872166875476718
NOC: 0.024766109757352463
NWS: 0.0005908917798148397
ORLY: 0.020368262428087834
PEP: 0.02989275897662211
PNC: 0.050418238930326764
PPG: 0.031499517845037836
RRC: 0.002266817872725942
TJX: 0.004911085108572385
TMO: 0.048151633227001105
TXN: 0.0136681649362484
UA: 0.0008894141260265021
UNP: 0.009727967003414866
VFC: 0.010353230226077105
VLO: 0.006281911603862755
VMC: 0.007410228474618705
VZ: 0.0022547242169092645
WDC: 0.005813017229216151
WYNN: 0.003509494050239592
XEL: 0.03582098419019715
